[debug] [2021-06-09T03:05:33.469Z] ----------------------------------------------------------------------
[debug] [2021-06-09T03:05:33.470Z] Command:       C:\Program Files\nodejs\node.exe C:\Users\PC-3\AppData\Roaming\npm\node_modules\firebase-tools\lib\bin\firebase.js serve
[debug] [2021-06-09T03:05:33.470Z] CLI Version:   9.8.0
[debug] [2021-06-09T03:05:33.470Z] Platform:      win32
[debug] [2021-06-09T03:05:33.471Z] Node Version:  v14.16.0
[debug] [2021-06-09T03:05:33.471Z] Time:          Wed Jun 09 2021 10:05:33 GMT+0700 (Western Indonesia Time)
[debug] [2021-06-09T03:05:33.471Z] ----------------------------------------------------------------------
[debug] 
[debug] [2021-06-09T03:05:33.477Z] > command requires scopes: ["email","openid","https://www.googleapis.com/auth/cloudplatformprojects.readonly","https://www.googleapis.com/auth/firebase","https://www.googleapis.com/auth/cloud-platform"]
[debug] [2021-06-09T03:05:33.477Z] > authorizing via signed-in user
[debug] [2021-06-09T03:05:33.478Z] [iam] checking project insvire-curious-app for permissions ["firebase.projects.get"]
[debug] [2021-06-09T03:05:33.479Z] > refreshing access token with scopes: ["email","https://www.googleapis.com/auth/cloud-platform","https://www.googleapis.com/auth/cloudplatformprojects.readonly","https://www.googleapis.com/auth/firebase","openid"]
[debug] [2021-06-09T03:05:33.479Z] >>> HTTP REQUEST POST https://www.googleapis.com/oauth2/v3/token  
 <request body omitted>
[debug] [2021-06-09T03:05:42.808Z] <<< HTTP RESPONSE 200 {"expires":"Mon, 01 Jan 1990 00:00:00 GMT","cache-control":"no-cache, no-store, max-age=0, must-revalidate","date":"Wed, 09 Jun 2021 03:05:43 GMT","pragma":"no-cache","content-type":"application/json; charset=utf-8","vary":"X-Origin, Referer, Origin,Accept-Encoding","server":"scaffolding on HTTPServer2","x-xss-protection":"0","x-frame-options":"SAMEORIGIN","x-content-type-options":"nosniff","alt-svc":"h3-29=\":443\"; ma=2592000,h3-T051=\":443\"; ma=2592000,h3-Q050=\":443\"; ma=2592000,h3-Q046=\":443\"; ma=2592000,h3-Q043=\":443\"; ma=2592000,quic=\":443\"; ma=2592000; v=\"46,43\"","accept-ranges":"none","transfer-encoding":"chunked"}
[debug] [2021-06-09T03:05:42.851Z] >>> HTTP REQUEST POST https://cloudresourcemanager.googleapis.com/v1/projects/insvire-curious-app:testIamPermissions  
 {"permissions":["firebase.projects.get"]}
[debug] [2021-06-09T03:05:53.976Z] <<< HTTP RESPONSE 200 {"content-type":"application/json; charset=UTF-8","vary":"X-Origin, Referer, Origin,Accept-Encoding","date":"Wed, 09 Jun 2021 03:05:54 GMT","server":"ESF","cache-control":"private","x-xss-protection":"0","x-frame-options":"SAMEORIGIN","x-content-type-options":"nosniff","server-timing":"gfet4t7; dur=1009","alt-svc":"h3=\":443\"; ma=2592000,h3-29=\":443\"; ma=2592000,h3-T051=\":443\"; ma=2592000,h3-Q050=\":443\"; ma=2592000,h3-Q046=\":443\"; ma=2592000,h3-Q043=\":443\"; ma=2592000,quic=\":443\"; ma=2592000; v=\"46,43\"","accept-ranges":"none","transfer-encoding":"chunked"}
[debug] [2021-06-09T03:05:53.978Z] > refreshing access token with scopes: []
[debug] [2021-06-09T03:05:53.978Z] >>> HTTP REQUEST POST https://www.googleapis.com/oauth2/v3/token  
 <request body omitted>
